TN:
SF:D:\dev\src\github.com\toba\logger\lib\logger.ts
FN:10,(anonymous_0)
FN:38,(anonymous_1)
FN:41,(anonymous_2)
FN:44,(anonymous_3)
FN:47,(anonymous_4)
FN:50,(anonymous_5)
FN:53,(anonymous_6)
FN:69,(anonymous_7)
FN:89,(anonymous_8)
FNF:9
FNH:6
FNDA:1,(anonymous_0)
FNDA:2,(anonymous_1)
FNDA:1,(anonymous_2)
FNDA:0,(anonymous_3)
FNDA:0,(anonymous_4)
FNDA:0,(anonymous_5)
FNDA:1,(anonymous_6)
FNDA:4,(anonymous_7)
FNDA:3,(anonymous_8)
DA:2,1
DA:3,1
DA:4,1
DA:5,1
DA:6,1
DA:7,1
DA:8,1
DA:10,1
DA:11,1
DA:12,1
DA:13,1
DA:14,1
DA:15,1
DA:17,1
DA:18,1
DA:24,1
DA:25,1
DA:26,1
DA:27,0
DA:29,1
DA:31,1
DA:39,2
DA:42,1
DA:45,0
DA:48,0
DA:51,0
DA:54,1
DA:55,0
DA:56,0
DA:57,0
DA:59,1
DA:60,0
DA:62,1
DA:63,1
DA:64,0
DA:66,1
DA:67,1
DA:70,4
DA:71,4
DA:72,4
DA:73,4
DA:74,4
DA:75,4
DA:76,4
DA:77,0
DA:78,0
DA:79,0
DA:80,0
DA:82,4
DA:83,3
DA:86,1
DA:90,3
DA:91,3
DA:94,1
DA:95,1
LF:55
LH:42
BRDA:16,0,0,1
BRDA:16,0,1,1
BRDA:24,1,0,1
BRDA:24,1,1,0
BRDA:26,2,0,0
BRDA:26,2,1,1
BRDA:26,3,0,1
BRDA:26,3,1,0
BRDA:26,3,2,0
BRDA:38,4,0,2
BRDA:41,5,0,0
BRDA:44,6,0,0
BRDA:47,7,0,0
BRDA:50,8,0,0
BRDA:53,9,0,0
BRDA:53,10,0,0
BRDA:53,11,0,0
BRDA:54,12,0,0
BRDA:54,12,1,1
BRDA:59,13,0,0
BRDA:59,13,1,1
BRDA:63,14,0,0
BRDA:63,14,1,1
BRDA:69,15,0,2
BRDA:71,16,0,2
BRDA:71,16,1,2
BRDA:75,17,0,0
BRDA:75,17,1,4
BRDA:76,18,0,0
BRDA:76,18,1,4
BRDA:76,19,0,4
BRDA:76,19,1,3
BRDA:78,20,0,0
BRDA:78,20,1,0
BRDA:82,21,0,3
BRDA:82,21,1,1
BRF:36
BRH:18
end_of_record
