TN:
SF:D:\dev\src\github.com\toba\logger\lib\logger.ts
FN:12,(anonymous_0)
FN:59,(anonymous_1)
FN:63,(anonymous_2)
FN:67,(anonymous_3)
FN:71,(anonymous_4)
FN:75,(anonymous_5)
FN:79,(anonymous_6)
FN:104,(anonymous_7)
FN:128,(anonymous_8)
FNF:9
FNH:6
FNDA:1,(anonymous_0)
FNDA:2,(anonymous_1)
FNDA:1,(anonymous_2)
FNDA:0,(anonymous_3)
FNDA:0,(anonymous_4)
FNDA:0,(anonymous_5)
FNDA:1,(anonymous_6)
FNDA:4,(anonymous_7)
FNDA:3,(anonymous_8)
DA:2,1
DA:3,1
DA:5,1
DA:6,1
DA:8,1
DA:10,1
DA:12,1
DA:13,1
DA:14,1
DA:15,1
DA:16,1
DA:17,1
DA:20,1
DA:22,1
DA:37,1
DA:38,1
DA:39,1
DA:40,0
DA:42,1
DA:45,1
DA:56,1
DA:60,2
DA:64,1
DA:68,0
DA:72,0
DA:76,0
DA:84,1
DA:85,0
DA:86,0
DA:87,0
DA:90,1
DA:91,0
DA:94,1
DA:96,1
DA:97,0
DA:100,1
DA:101,1
DA:105,4
DA:106,4
DA:107,4
DA:108,4
DA:109,4
DA:111,4
DA:113,4
DA:114,0
DA:115,0
DA:116,0
DA:117,0
DA:118,4
DA:119,3
DA:121,1
DA:129,3
DA:130,3
DA:137,1
LF:54
LH:41
BRDA:12,0,0,1
BRDA:12,0,1,1
BRDA:37,1,0,1
BRDA:37,1,1,0
BRDA:39,2,0,0
BRDA:39,2,1,1
BRDA:39,3,0,1
BRDA:39,3,1,0
BRDA:39,3,2,0
BRDA:59,4,0,2
BRDA:63,5,0,0
BRDA:67,6,0,0
BRDA:71,7,0,0
BRDA:75,8,0,0
BRDA:80,9,0,0
BRDA:81,10,0,0
BRDA:82,11,0,0
BRDA:84,12,0,0
BRDA:84,12,1,1
BRDA:90,13,0,0
BRDA:90,13,1,1
BRDA:96,14,0,0
BRDA:96,14,1,1
BRDA:104,15,0,2
BRDA:106,16,0,2
BRDA:106,16,1,2
BRDA:111,17,0,0
BRDA:111,17,1,4
BRDA:113,18,0,0
BRDA:113,18,1,4
BRDA:113,19,0,4
BRDA:113,19,1,3
BRDA:115,20,0,0
BRDA:115,20,1,0
BRDA:118,21,0,3
BRDA:118,21,1,1
BRF:36
BRH:18
end_of_record
